# JRE version: OpenJDK Runtime Environment (8.0_202-b03) (build 1.8.0_202-release-1483-b03)
# Java VM: OpenJDK 64-Bit Server VM (25.202-b03 mixed mode windows-amd64 compressed oops)
Heap:
 PSYoungGen      total 486912K, used 370223K [0x00000000e0000000, 0x0000000100000000, 0x0000000100000000)
  eden space 452096K, 78% used [0x00000000e0000000,0x00000000f5bbe380,0x00000000fb980000)
  from space 34816K, 40% used [0x00000000fb980000,0x00000000fc74dc70,0x00000000fdb80000)
  to   space 33792K, 0% used [0x00000000fdf00000,0x00000000fdf00000,0x0000000100000000)
 ParOldGen       total 333824K, used 61780K [0x00000000a0000000, 0x00000000b4600000, 0x00000000e0000000)
  object space 333824K, 18% used [0x00000000a0000000,0x00000000a3c55130,0x00000000b4600000)
 Metaspace       used 99427K, capacity 108318K, committed 108672K, reserved 1142784K
  class space    used 12914K, capacity 14354K, committed 14464K, reserved 1048576K
GC Heap History (10 events):
Event: 1183.202 GC heap before
{Heap before GC invocations=15 (full 4):
 PSYoungGen      total 492032K, used 32250K [0x00000000e0000000, 0x0000000100000000, 0x0000000100000000)
  eden space 459776K, 0% used [0x00000000e0000000,0x00000000e0000000,0x00000000fc100000)
  from space 32256K, 99% used [0x00000000fc100000,0x00000000fe07ebe0,0x00000000fe080000)
  to   space 32256K, 0% used [0x00000000fe080000,0x00000000fe080000,0x0000000100000000)
 ParOldGen       total 231936K, used 36551K [0x00000000a0000000, 0x00000000ae280000, 0x00000000e0000000)
  object space 231936K, 15% used [0x00000000a0000000,0x00000000a23b1e70,0x00000000ae280000)
 Metaspace       used 91973K, capacity 98490K, committed 98496K, reserved 1134592K
  class space    used 12186K, capacity 13306K, committed 13312K, reserved 1048576K
Event: 1183.404 GC heap after
Heap after GC invocations=15 (full 4):
 PSYoungGen      total 492032K, used 0K [0x00000000e0000000, 0x0000000100000000, 0x0000000100000000)
  eden space 459776K, 0% used [0x00000000e0000000,0x00000000e0000000,0x00000000fc100000)
  from space 32256K, 0% used [0x00000000fc100000,0x00000000fc100000,0x00000000fe080000)
  to   space 32256K, 0% used [0x00000000fe080000,0x00000000fe080000,0x0000000100000000)
 ParOldGen       total 333824K, used 61748K [0x00000000a0000000, 0x00000000b4600000, 0x00000000e0000000)
  object space 333824K, 18% used [0x00000000a0000000,0x00000000a3c4d130,0x00000000b4600000)
 Metaspace       used 91253K, capacity 96474K, committed 98496K, reserved 1134592K
  class space    used 11947K, capacity 12891K, committed 13312K, reserved 1048576K
}
Event: 1302.053 GC heap before
{Heap before GC invocations=16 (full 4):
 PSYoungGen      total 492032K, used 459776K [0x00000000e0000000, 0x0000000100000000, 0x0000000100000000)
  eden space 459776K, 100% used [0x00000000e0000000,0x00000000fc100000,0x00000000fc100000)
  from space 32256K, 0% used [0x00000000fc100000,0x00000000fc100000,0x00000000fe080000)
  to   space 32256K, 0% used [0x00000000fe080000,0x00000000fe080000,0x0000000100000000)
 ParOldGen       total 333824K, used 61748K [0x00000000a0000000, 0x00000000b4600000, 0x00000000e0000000)
  object space 333824K, 18% used [0x00000000a0000000,0x00000000a3c4d130,0x00000000b4600000)
 Metaspace       used 93637K, capacity 99402K, committed 100608K, reserved 1136640K
  class space    used 12223K, capacity 13247K, committed 13568K, reserved 1048576K
Event: 1302.071 GC heap after
Heap after GC invocations=16 (full 4):
 PSYoungGen      total 482816K, used 13916K [0x00000000e0000000, 0x0000000100000000, 0x0000000100000000)
  eden space 450560K, 0% used [0x00000000e0000000,0x00000000e0000000,0x00000000fb800000)
  from space 32256K, 43% used [0x00000000fe080000,0x00000000fee170d0,0x0000000100000000)
  to   space 36864K, 0% used [0x00000000fb800000,0x00000000fb800000,0x00000000fdc00000)
 ParOldGen       total 333824K, used 61756K [0x00000000a0000000, 0x00000000b4600000, 0x00000000e0000000)
  object space 333824K, 18% used [0x00000000a0000000,0x00000000a3c4f130,0x00000000b4600000)
 Metaspace       used 93637K, capacity 99402K, committed 100608K, reserved 1136640K
  class space    used 12223K, capacity 13247K, committed 13568K, reserved 1048576K
}
Event: 1418.151 GC heap before
{Heap before GC invocations=17 (full 4):
 PSYoungGen      total 482816K, used 464476K [0x00000000e0000000, 0x0000000100000000, 0x0000000100000000)
  eden space 450560K, 100% used [0x00000000e0000000,0x00000000fb800000,0x00000000fb800000)
  from space 32256K, 43% used [0x00000000fe080000,0x00000000fee170d0,0x0000000100000000)
  to   space 36864K, 0% used [0x00000000fb800000,0x00000000fb800000,0x00000000fdc00000)
 ParOldGen       total 333824K, used 61756K [0x00000000a0000000, 0x00000000b4600000, 0x00000000e0000000)
  object space 333824K, 18% used [0x00000000a0000000,0x00000000a3c4f130,0x00000000b4600000)
 Metaspace       used 95173K, capacity 101786K, committed 102272K, reserved 1138688K
  class space    used 12397K, capacity 13518K, committed 13696K, reserved 1048576K
Event: 1418.165 GC heap after
Heap after GC invocations=17 (full 4):
 PSYoungGen      total 487424K, used 16931K [0x00000000e0000000, 0x0000000100000000, 0x0000000100000000)
  eden space 450560K, 0% used [0x00000000e0000000,0x00000000e0000000,0x00000000fb800000)
  from space 36864K, 45% used [0x00000000fb800000,0x00000000fc888f78,0x00000000fdc00000)
  to   space 35328K, 0% used [0x00000000fdd80000,0x00000000fdd80000,0x0000000100000000)
 ParOldGen       total 333824K, used 61764K [0x00000000a0000000, 0x00000000b4600000, 0x00000000e0000000)
  object space 333824K, 18% used [0x00000000a0000000,0x00000000a3c51130,0x00000000b4600000)
 Metaspace       used 95173K, capacity 101786K, committed 102272K, reserved 1138688K
  class space    used 12397K, capacity 13518K, committed 13696K, reserved 1048576K
}
Event: 10558.320 GC heap before
{Heap before GC invocations=18 (full 4):
 PSYoungGen      total 487424K, used 467491K [0x00000000e0000000, 0x0000000100000000, 0x0000000100000000)
  eden space 450560K, 100% used [0x00000000e0000000,0x00000000fb800000,0x00000000fb800000)
  from space 36864K, 45% used [0x00000000fb800000,0x00000000fc888f78,0x00000000fdc00000)
  to   space 35328K, 0% used [0x00000000fdd80000,0x00000000fdd80000,0x0000000100000000)
 ParOldGen       total 333824K, used 61764K [0x00000000a0000000, 0x00000000b4600000, 0x00000000e0000000)
  object space 333824K, 18% used [0x00000000a0000000,0x00000000a3c51130,0x00000000b4600000)
 Metaspace       used 97260K, capacity 105778K, committed 106112K, reserved 1140736K
  class space    used 12719K, capacity 14103K, committed 14208K, reserved 1048576K
Event: 10558.346 GC heap after
Heap after GC invocations=18 (full 4):
 PSYoungGen      total 484864K, used 21900K [0x00000000e0000000, 0x00000000ffd80000, 0x0000000100000000)
  eden space 452096K, 0% used [0x00000000e0000000,0x00000000e0000000,0x00000000fb980000)
  from space 32768K, 66% used [0x00000000fdd80000,0x00000000ff2e33b8,0x00000000ffd80000)
  to   space 34816K, 0% used [0x00000000fb980000,0x00000000fb980000,0x00000000fdb80000)
 ParOldGen       total 333824K, used 61772K [0x00000000a0000000, 0x00000000b4600000, 0x00000000e0000000)
  object space 333824K, 18% used [0x00000000a0000000,0x00000000a3c53130,0x00000000b4600000)
 Metaspace       used 97260K, capacity 105778K, committed 106112K, reserved 1140736K
  class space    used 12719K, capacity 14103K, committed 14208K, reserved 1048576K
}
Event: 10561.929 GC heap before
{Heap before GC invocations=19 (full 4):
 PSYoungGen      total 484864K, used 473996K [0x00000000e0000000, 0x00000000ffd80000, 0x0000000100000000)
  eden space 452096K, 100% used [0x00000000e0000000,0x00000000fb980000,0x00000000fb980000)
  from space 32768K, 66% used [0x00000000fdd80000,0x00000000ff2e33b8,0x00000000ffd80000)
  to   space 34816K, 0% used [0x00000000fb980000,0x00000000fb980000,0x00000000fdb80000)
 ParOldGen       total 333824K, used 61772K [0x00000000a0000000, 0x00000000b4600000, 0x00000000e0000000)
  object space 333824K, 18% used [0x00000000a0000000,0x00000000a3c53130,0x00000000b4600000)
 Metaspace       used 98509K, capacity 107166K, committed 107392K, reserved 1142784K
  class space    used 12820K, capacity 14199K, committed 14208K, reserved 1048576K
Event: 10561.943 GC heap after
Heap after GC invocations=19 (full 4):
 PSYoungGen      total 486912K, used 14135K [0x00000000e0000000, 0x0000000100000000, 0x0000000100000000)
  eden space 452096K, 0% used [0x00000000e0000000,0x00000000e0000000,0x00000000fb980000)
  from space 34816K, 40% used [0x00000000fb980000,0x00000000fc74dc70,0x00000000fdb80000)
  to   space 33792K, 0% used [0x00000000fdf00000,0x00000000fdf00000,0x0000000100000000)
 ParOldGen       total 333824K, used 61780K [0x00000000a0000000, 0x00000000b4600000, 0x00000000e0000000)
  object space 333824K, 18% used [0x00000000a0000000,0x00000000a3c55130,0x00000000b4600000)
 Metaspace       used 98509K, capacity 107166K, committed 107392K, reserved 1142784K
  class space    used 12820K, capacity 14199K, committed 14208K, reserved 1048576K
}

